<?xml version="1.0" encoding="UTF-8"?>
<!-- Generated by org.testng.reporters.JUnitXMLReporter -->
<testsuite hostname="SCTL-BA-I3-16" ignored="0" name="Default test" tests="2" failures="0" timestamp="13 Feb 2019 06:23:55 GMT" time="167.674" errors="0">
  <testcase name="getcurrentUserPageUrl" time="0.011" classname="com.KENCentral.qa.testcases.UserPageTest"/>
  <testcase name="clickonaddUser" time="108.808" classname="com.KENCentral.qa.testcases.UserPageTest"/>
</testsuite> <!-- Default test -->
