<?xml version="1.0" encoding="UTF-8"?>
<!-- Generated by org.testng.reporters.JUnitXMLReporter -->
<testsuite hostname="SCTL-BA-I3-16" ignored="0" name="Test" tests="9" failures="0" timestamp="13 Feb 2019 06:59:02 GMT" time="259.832" errors="0">
  <testcase name="validateHomePagetitle" time="21.613" classname="com.KENCentral.qa.testcases.HomePageTest"/>
  <testcase name="getcurrentURL" time="11.037" classname="com.KENCentral.qa.testcases.HomePageTest"/>
  <testcase name="validateleftMenu" time="10.149" classname="com.KENCentral.qa.testcases.HomePageTest"/>
  <testcase name="validateheader" time="10.283" classname="com.KENCentral.qa.testcases.HomePageTest"/>
  <testcase name="ClickonUserlink" time="9.265" classname="com.KENCentral.qa.testcases.HomePageTest"/>
  <testcase name="getCurrentURL" time="0.006" classname="com.KENCentral.qa.testcases.LoginPageTest"/>
  <testcase name="loginTest" time="0.603" classname="com.KENCentral.qa.testcases.LoginPageTest"/>
  <testcase name="getcurrentUserPageUrl" time="0.007" classname="com.KENCentral.qa.testcases.UserPageTest"/>
  <testcase name="clickonaddUser" time="107.957" classname="com.KENCentral.qa.testcases.UserPageTest"/>
</testsuite> <!-- Test -->
