<?xml version="1.0" encoding="UTF-8"?>
<!-- Generated by org.testng.reporters.JUnitXMLReporter -->
<testsuite hostname="SCTL-BA-I3-16" ignored="0" name="Command line test" tests="9" failures="0" timestamp="13 Feb 2019 06:50:12 GMT" time="256.177" errors="0">
  <testcase name="validateHomePagetitle" time="20.028" classname="com.KENCentral.qa.testcases.HomePageTest"/>
  <testcase name="getcurrentURL" time="14.546" classname="com.KENCentral.qa.testcases.HomePageTest"/>
  <testcase name="validateleftMenu" time="9.416" classname="com.KENCentral.qa.testcases.HomePageTest"/>
  <testcase name="validateheader" time="11.096" classname="com.KENCentral.qa.testcases.HomePageTest"/>
  <testcase name="ClickonUserlink" time="8.234" classname="com.KENCentral.qa.testcases.HomePageTest"/>
  <testcase name="getCurrentURL" time="0.004" classname="com.KENCentral.qa.testcases.LoginPageTest"/>
  <testcase name="loginTest" time="0.481" classname="com.KENCentral.qa.testcases.LoginPageTest"/>
  <testcase name="getcurrentUserPageUrl" time="0.007" classname="com.KENCentral.qa.testcases.UserPageTest"/>
  <testcase name="clickonaddUser" time="108.061" classname="com.KENCentral.qa.testcases.UserPageTest"/>
</testsuite> <!-- Command line test -->
